make all --print-data-base --no-builtin-variables --no-builtin-rules --question
make: *** No rule to make target 'all'.  Stop.

# GNU Make 4.3
 
# Built for x86_64-pc-linux-gnu
# Copyright (C) 1988-2020 Free Software Foundation, Inc.
# License GPLv3+: GNU GPL version 3 or later <http://gnu.org/licenses/gpl.html>
# This is free software: you are free to change and redistribute it.
# There is NO WARRANTY, to the extent permitted by law.

# Make data base, printed on Sun Aug 21 10:49:37 2022

# Variables

# environment
GDK_BACKEND = x11
# environment
LC_ALL = C
# environment
GNOME_SHELL_SESSION_MODE = ubuntu
# environment
SSH_AGENT_LAUNCHER = gnome-keyring
# environment
HOMEBREW_PREFIX = /home/linuxbrew/.linuxbrew
# environment
GJS_DEBUG_OUTPUT = stderr
# environment
LC_NAME = es_NI.UTF-8
# environment
 
LC_NUMERIC = es_NI.UTF-8
# environment
VSCODE_CWD = /home/gmena
# makefile (from 'Makefile', line 11)
PYTHON = env PYTHONPATH=${PYTHONPATH} ${VENV}/bin/python3
# environment
WINDOWPATH = 2
# environment
LC_ADDRESS = es_NI.UTF-8
# default
MAKE_COMMAND := make
# environment
QT_ACCESSIBILITY = 1
# makefile (from 'Makefile', line 16)
REQUIREMENTS := -r requirements.txt
# automatic
@D = $(patsubst %/,%,$(dir $@))
# environment
VSCODE_HANDLES_UNCAUGHT_ERRORS = true
# default
.VARIABLES := 
# environment
PWD = /home/gmena/PycharmProjects/watchit-toolkit
# automatic
%D = $(patsubst %/,%,$(dir $%))
# makefile (from 'Makefile', line 14)
DEFAULT_PYTHON := /usr/bin/python3
# environment
XDG_DATA_DIRS = /usr/share/ubuntu:/usr/share/gnome:/usr/local/share/:/usr/share/:/var/lib/snapd/desktop
# automatic
^D = $(patsubst %/,%,$(dir $^))
# automatic
%F = $(notdir $%)
# environment
VSCODE_CODE_CACHE_PATH = /home/gmena/.config/Code/CachedData/e4503b30fc78200f846c62cf8091b76ff5547662
# environment
LANG = C
# environment
XAUTHORITY = /run/user/1000/gdm/Xauthority
# default
.LOADED := 
# environment
HOMEBREW_REPOSITORY = /home/linuxbrew/.linuxbrew/Homebrew
# default
.INCLUDE_DIRS = /usr/local/include /usr/include /usr/include
# makefile
MAKEFLAGS = pqrR
# makefile
CURDIR := /home/gmena/PycharmProjects/watchit-toolkit
# environment
APPLICATION_INSIGHTS_NO_DIAGNOSTIC_CHANNEL = true
# automatic
*D = $(patsubst %/,%,$(dir $*))
# environment
MFLAGS = -pqrR
# environment
SSH_AUTH_SOCK = /run/user/1000/keyring/ssh
# default
.SHELLFLAGS := -c
# makefile (from 'Makefile', line 15)
VIRTUALENV := /usr/bin/virtualenv
# environment
XDG_CONFIG_DIRS = /etc/xdg/xdg-ubuntu:/etc/xdg
# automatic
+D = $(patsubst %/,%,$(dir $+))
# environment
XDG_SESSION_DESKTOP = ubuntu
# makefile (from 'Makefile', line 1)
MAKEFILE_LIST := Makefile
# automatic
@F = $(notdir $@)
# environment
VSCODE_PID = 5426
# environment
XDG_SESSION_TYPE = x11
# automatic
?D = $(patsubst %/,%,$(dir $?))
# makefile (from 'Makefile', line 6)
PYTYPE = env PYTHONPATH=${PYTHONPATH} ${VENV}/bin/pyright 
# makefile (from 'Makefile', line 9)
COVERAGE = env PYTHONPATH=${PYTHONPATH} ${VENV}/bin/coverage
# environment
SESSION_MANAGER = local/gmena-ThinkPad-P70:@/tmp/.ICE-unix/2549,unix/gmena-ThinkPad-P70:/tmp/.ICE-unix/2549
# automatic
*F = $(notdir $*)
# environment
MANPATH = /home/linuxbrew/.linuxbrew/share/man:
# environment
CHROME_DESKTOP = code-url-handler.desktop
# environment
DBUS_SESSION_BUS_ADDRESS = unix:path=/run/user/1000/bus
# automatic
<D = $(patsubst %/,%,$(dir $<))
# environment
VSCODE_NLS_CONFIG = {"locale":"en-us","availableLanguages":{},"_languagePackSupport":true}
# default
MAKE_HOST := x86_64-pc-linux-gnu
# environment
 
GNOME_DESKTOP_SESSION_ID = this-is-deprecated
# environment
INFOPATH = /home/linuxbrew/.linuxbrew/share/info:
# makefile (from 'Makefile', line 1)
SHELL := /bin/bash
# default
MAKECMDGOALS := all
# environment
XMODIFIERS = @im=ibus
# environment
GJS_DEBUG_TOPICS = JS ERROR;JS LOG
# environment
SHLVL = 0
# environment
MAKELEVEL := 0
# default
MAKE = $(MAKE_COMMAND)
# makefile (from 'Makefile', line 7)
PYTEST = env PYTHONPATH=${PYTHONPATH} PYTEST=1 ${VENV}/bin/py.test -c pytest.ini --no-header --durations=5 --disable-pytest-warnings -v  
# environment
PATH = /home/gmena/go/bin:/home/gmena/.cargo/bin:/home/linuxbrew/.linuxbrew/bin:/home/linuxbrew/.linuxbrew/sbin:/home/gmena/.local/bin:/home/gmena/bin:/usr/local/sbin:/usr/local/bin:/usr/sbin:/usr/bin:/sbin:/bin:/usr/games:/usr/local/games:/snap/bin:/snap/bin:/usr/local/go/bin:/usr/local/go/bin:/home/gmena/.local/share/JetBrains/Toolbox/scripts:/home/gmena/.local/share/JetBrains/Toolbox/scripts
# default
MAKEFILES := 
# environment
LC_MONETARY = es_NI.UTF-8
# automatic
^F = $(notdir $^)
# environment
LC_TIME = es_NI.UTF-8
# environment
HOMEBREW_SHELLENV_PREFIX = /home/linuxbrew/.linuxbrew
# environment
INVOCATION_ID = dbe9a283d6e5443b9f95965a301369ca
# environment
USERNAME = gmena
# environment
LC_TELEPHONE = es_NI.UTF-8
# automatic
?F = $(notdir $?)
# environment
XDG_CURRENT_DESKTOP = Unity
# automatic
+F = $(notdir $+)
# environment
DESKTOP_SESSION = ubuntu
# environment
ORIGINAL_XDG_CURRENT_DESKTOP = ubuntu:GNOME
# 'override' directive
GNUMAKEFLAGS := 
# environment
LOGNAME = gmena
# environment
GIO_LAUNCHED_DESKTOP_FILE = /usr/share/applications/code.desktop
# makefile
.DEFAULT_GOAL := default
 
# environment
SYSTEMD_EXEC_PID = 2607
# environment
DISPLAY = :0
# environment
USER = gmena
# environment
GTK_MODULES = gail:atk-bridge
# default
MAKE_VERSION := 4.3
# makefile (from 'Makefile', line 8)
FLAKE8 = env PYTHONPATH=${PYTHONPATH} ${VENV}/bin/flake8 --config=.config/flake8.ini
# environment
MANAGERPID = 1141
# environment
HOMEBREW_CELLAR = /home/linuxbrew/.linuxbrew/Cellar
# environment
LC_MEASUREMENT = es_NI.UTF-8
# environment
GIO_LAUNCHED_DESKTOP_FILE_PID = 5426
# makefile (from 'Makefile', line 4)
PYTHONPATH = .
# environment
_ = /usr/share/code/code
# environment
LC_PAPER = es_NI.UTF-8
# environment
XDG_RUNTIME_DIR = /run/user/1000
# environment
GPG_AGENT_INFO = /run/user/1000/gnupg/S.gpg-agent:0:1
# makefile (from 'Makefile', line 10)
BLACKFIX = env PYTHONPATH=${PYTHONPATH} ${VENV}/bin/black
# environment
JOURNAL_STREAM = 8:33143
# environment
XDG_SESSION_CLASS = user
# environment
VSCODE_AMD_ENTRYPOINT = vs/workbench/api/node/extensionHostProcess
# environment
HOME = /home/gmena
# environment
QT_IM_MODULE = ibus
# environment
ELECTRON_RUN_AS_NODE = 1
# environment
VSCODE_IPC_HOOK = /run/user/1000/vscode-114bb07b-1.70.2-main.sock
# environment
IM_CONFIG_PHASE = 1
# default
.RECIPEPREFIX := 
# automatic
<F = $(notdir $<)
# default
SUFFIXES := 
# makefile (from 'Makefile', line 5)
VENV = .venv
# makefile (from 'Makefile', line 12)
PIP = ${VENV}/bin/pip3
# default
.FEATURES := target-specific order-only second-expansion else-if shortest-stem undefine oneshell nocomment grouped-target extra-prereqs archives jobserver output-sync check-symlink load
# makefile (from 'Makefile', line 3)
PYTHON_MODULES = src
# environment
XDG_MENU_PREFIX = gnome-
# environment
GDMSESSION = ubuntu
# environment
LC_IDENTIFICATION = es_NI.UTF-8
# variable set hash-table stats:
# Load=118/1024=12%, Rehash=0, Collisions=10/149=7%
 

# Pattern-specific Variable Values

# No pattern-specific variable values.

# Directories

# . (device 66311, inode 20447741): 56 files, no impossibilities.

# 56 files, no impossibilities in 1 directories.

# Implicit Rules

# No implicit rules.

# Files

test-coverage: test
#  Phony target (prerequisite of .PHONY).
#  Implicit rule search has not been done.
#  File does not exist.
#  File has not been updated.
#  recipe to execute (from 'Makefile', line 70):
	${COVERAGE} run --source=./src ${VENV}/bin/py.test
	${COVERAGE} report
	

venv:
#  Phony target (prerequisite of .PHONY).
#  Implicit rule search has not been done.
#  File does not exist.
#  File has not been updated.
#  recipe to execute (from 'Makefile', line 24):
	test -d ${VENV} || ${VIRTUALENV} -p ${DEFAULT_PYTHON} -q ${VENV}

test-core: venv
#  Implicit rule search has not been done.
#  Modification time never checked.
#  File has not been updated.
#  recipe to execute (from 'Makefile', line 56):
	${PYTEST} ${PYTHON_MODULES}/core  

test-coverage-core: test-core
#  Implicit rule search has not been done.
#  Modification time never checked.
#  File has not been updated.
#  recipe to execute (from 'Makefile', line 62):
	${COVERAGE} run --source=./src/core ${VENV}/bin/py.test
	${COVERAGE} report

default: check-coding-style
#  Phony target (prerequisite of .PHONY).
#  Implicit rule search has not been done.
#  File does not exist.
#  File has not been updated.

setup-env:
#  Implicit rule search has not been done.
#  Modification time never checked.
#  File has not been updated.
#  recipe to execute (from 'Makefile', line 21):
	virtualenv --python=python3 -q .venv
	python3 -m pip install --upgrade pip

# Not a target:
Makefile:
#  Implicit rule search has been done.
#  Last modified 2022-07-30 10:14:50.769285222
#  File has been updated.
#  Successfully updated.

check-typing: venv
#  Implicit rule search has not been done.
#  Modification time never checked.
#  File has not been updated.
#  recipe to execute (from 'Makefile', line 49):
	${PYTYPE} ${PYTHON_MODULES}

bootstrap: setup-env venv requirements
#  Phony target (prerequisite of .PHONY).
#  Implicit rule search has not been done.
#  File does not exist.
#  File has not been updated.

requirements:
#  Phony target (prerequisite of .PHONY).
#  Implicit rule search has not been done.
#  File does not exist.
#  File has not been updated.
#  recipe to execute (from 'Makefile', line 27):
	@if [ -d wheelhouse ]; then \
		${PIP} install -q --no-index --find-links=wheelhouse ${REQUIREMENTS}; \
	else \
		${PIP} install --no-cache-dir --force-reinstall ${REQUIREMENTS}; \
	fi
	npm i

fix-coding-style: venv
#  Implicit rule search has not been done.
#  Modification time never checked.
#  File has not been updated.
#  recipe to execute (from 'Makefile', line 38):
	${BLACKFIX} ${PYTHON_MODULES}

check-typing-sdk: venv
#  Implicit rule search has not been done.
#  Modification time never checked.
#  File has not been updated.
#  recipe to execute (from 'Makefile', line 43):
	${PYTYPE} ${PYTHON_MODULES}/sdk

test-check:
#  Implicit rule search has not been done.
#  Modification time never checked.
#  File has not been updated.
#  recipe to execute (from 'Makefile', line 77):
	${PYTEST} ${PYTHON_MODULES}

test-coverage-sdk: test-sdk
#  Implicit rule search has not been done.
#  Modification time never checked.
#  File has not been updated.
#  recipe to execute (from 'Makefile', line 66):
	${COVERAGE} run --source=./src/sdk ${VENV}/bin/py.test
	${COVERAGE} report

test-sdk: venv
#  Implicit rule search has not been done.
#  Modification time never checked.
#  File has not been updated.
#  recipe to execute (from 'Makefile', line 53):
	${PYTEST} ${PYTHON_MODULES}/sdk

# Not a target:
.DEFAULT:
#  Implicit rule search has not been done.
#  Modification time never checked.
#  File has not been updated.

# Not a target:
all:
#  Command line target.
#  Implicit rule search has been done.
#  File does not exist.
#  File has not been updated.

test: venv
#  Phony target (prerequisite of .PHONY).
#  Implicit rule search has not been done.
#  File does not exist.
#  File has not been updated.
#  recipe to execute (from 'Makefile', line 59):
	${PYTEST} ${PYTHON_MODULES} 

check-coding-style: venv
#  Phony target (prerequisite of .PHONY).
#  Implicit rule search has not been done.
#  File does not exist.
#  File has not been updated.
#  recipe to execute (from 'Makefile', line 40):
	${FLAKE8} ${PYTHON_MODULES}

check-typing-core: venv
#  Implicit rule search has not been done.
#  Modification time never checked.
#  File has not been updated.
#  recipe to execute (from 'Makefile', line 46):
	${PYTYPE} ${PYTHON_MODULES}/core

.PHONY: default venv requirements bootstrap check-coding-style test test-coverage
#  Implicit rule search has not been done.
#  Modification time never checked.
#  File has not been updated.

test-coverage-html: test-coverage
#  Implicit rule search has not been done.
#  Modification time never checked.
#  File has not been updated.
#  recipe to execute (from 'Makefile', line 74):
	${COVERAGE} html
	

# files hash-table stats:
# Load=23/1024=2%, Rehash=0, Collisions=0/57=0%
# VPATH Search Paths

# No 'vpath' search paths.

# No general ('VPATH' variable) search path.

# strcache buffers: 1 (0) / strings = 80 / storage = 1227 B / avg = 15 B
# current buf: size = 8162 B / used = 1227 B / count = 80 / avg = 15 B

# strcache performance: lookups = 126 / hit rate = 36%
# hash-table stats:
# Load=80/8192=1%, Rehash=0, Collisions=0/126=0%
# Finished Make data base on Sun Aug 21 10:49:37 2022

 
